J100306.20+002714.7      0.00000000      0.00000000
J100630.69+010828.1      0.10083120      0.03623621
J124322.51-000002.8      0.00000000      0.00000000
J130541.39+011123.6      0.00000000      0.04113178
J131023.76-010037.8      0.00000000      0.00000000
J145052.59+000540.2      0.00000000      0.07410277
J113642.07-023337.4      0.00000000      0.00000000
J114936.34-012719.7      0.00000000      0.00000000
J122203.43-023700.2      0.00000000      0.00000000
J123948.37-024745.9      0.00000000      0.00000000
J154855.67+000540.0      0.00000000      0.00000000
J171524.47+571921.3      0.12741475      0.03185369
J172611.22+591831.4      0.00000000      0.00000000
J233458.41-001206.0      0.00000000      0.00000000
J235618.81-001820.2      0.00000000      0.00000000
J005647.42-005512.1      0.00000000      0.00000000
J005830.99-002502.4      0.00000000      0.00000000
J010722.57+005533.3      0.00000000      0.00000000
J011612.79-000628.3      0.00000000      0.01160445
J012056.45-000620.1      0.00000000      0.00000000
J015654.84-003824.9      0.00000000      0.00000000
J025007.86-001601.0      0.00000000      0.00379983
J030632.74-003338.7      0.00000000      0.05561783
J011307.41+152750.9      0.00000000      0.00000000
J011546.78+150357.2      0.76829032      0.48837059
J013104.76+133858.8      0.00000000      0.00000000
J015046.48+134127.6      0.00000000      0.00000000
J015712.97+144407.6      0.00000000      0.00000000
J075943.49+404828.1      0.00000000      0.00000000
J080132.31+420008.3      0.00000000      0.00215005
J081834.94+503843.9      0.00000000      0.06063054
J083633.08+540229.5      0.03646152      0.02598549
J083940.37+554345.5      0.00000000      0.00972553
J085355.09+522401.8      0.04881682      0.10434596
J085434.90+571000.4      0.17318819      0.04329705
J085938.48+565244.2      0.00000000      0.00000000
J085744.28+541338.0      0.00000000      0.00000000
J090017.47+542024.0      0.00000000      0.00000000
J092005.67+553314.4      0.00000000      0.00000000
J093418.75+591107.1      0.06424540      0.08481986
J023634.95-092114.6      0.00000000      0.00000000
J032248.40-064140.6      0.02391615      0.00622262
J033417.74-061553.9      0.03302043      0.01289861
J092747.73+590808.8      0.00000000      0.00000000
J095425.12+641105.6      0.00000000      0.00000000
J104848.90+663636.7      0.17529308      0.04567391
J110749.38+662707.5      0.00000000      0.00000000
J142432.42+642527.3      0.00000000      0.00000000
J110026.16+013920.3      0.00000000      0.00000000
J112119.52+022942.3      0.00000000      0.00000000
J125055.79+031149.3      0.00000000      0.00000000
J131216.04+033707.1      0.00000000      0.00000000
J142308.94+014017.7      0.00000000      0.00000000
J144650.85+015106.8      0.15594980      0.03898745
J144447.32+013723.7      0.99395225      0.68276159
J145806.24+013020.5      0.00000000      0.00000000
J145819.05+022839.8      0.00000000      0.00000000
J081353.19+424220.1      0.07615835      0.12456561
J083121.03+461314.5      0.04175685      0.02265571
J084612.97+482054.3      0.00436423      0.03933675
J092140.97+524504.0      0.00000000      0.01192200
J093755.96+545441.9      0.00000000      0.00000000
J084034.41+023640.7      0.07854897      0.06765269
J095340.08+032900.9      0.00000000      0.04319998
J110044.46+040703.6      0.00000000      0.02135505
J110406.85+050138.9      0.12946782      0.04855043
J143656.64+602833.1      0.00000000      0.06450819
J160745.84+483625.0      0.00000000      0.00000000
J162919.64+435148.1      0.00139501      0.09677874
J012305.91-102635.4      0.00000000      0.00000000
J020830.34-074539.0      0.00000000      0.00000000
J221431.94+134621.8      0.01143803      0.00285951
J225936.26+132211.4      0.00000000      0.03283366
J232222.95+135938.3      0.00000000      0.00000000
J232412.20+143708.0      0.01175444      0.00301958
J233019.67+132657.3      0.00000000      0.01713393
J232428.32+144142.2      0.00000000      0.00000000
J232425.71+144048.9      0.00000000      0.00000000
J235308.28+160351.9      0.00000000      0.00000000
J080723.70+390156.4      0.00000000      0.00000000
J140002.59+591555.0      0.00000000      0.00000000
J155703.02+481006.1      0.00000000      0.02993141
J162841.65+410813.1      0.00000000      0.00000000
J162858.40+424941.2      0.00000000      0.00453188
J163023.92+403956.4      0.00000000      0.10846255
J083900.68+402046.0      0.03790714      0.02128715
J111443.34+040128.3      0.00000000      0.03064432
J130208.75+052438.7      0.00000000      0.00000000
J134139.31+050158.3      0.00000000      0.00000000
J075715.45+272945.6      0.01692855      0.01148138
J100447.67+464309.6      0.00000000      0.05192340
J110256.27+503933.5      0.02624727      0.00875027
J083052.89+395047.6      0.00000000      0.00000000
J090051.47+462515.0      0.00000000      0.00000000
J105132.27+564604.7      0.00000000      0.00000000
J145954.35-012643.7      0.00000000      0.00000000
J080251.11+263403.0      0.00000000      0.00000000
J081117.51+293032.1      0.00000000      0.02364553
J100315.95+544623.4      0.00000000      0.02503520
J101603.37+564733.3      0.04888404      0.12416545
J102321.45+571822.7      0.00000000      0.00000000
J122421.31+600641.5      0.00000000      0.05239258
J113526.22+490513.7      0.00000000      0.00000000
J121840.18+485245.7      0.02276773      0.01793579
J101600.20+061505.2      0.00000000      0.00000000
J110222.74+080309.5      0.00000000      0.00000000
J111106.73+073459.8      0.00000000      0.00000000
J145827.79+482932.5      0.07851066      0.04070052
J162109.60+344532.6      0.00000000      0.03811242
J162338.62+350040.5      0.00000000      0.01249342
J134909.38+565456.9      0.00000000      0.00000000
J162756.00+391653.0      0.00000000      0.00000000
J162945.12+394838.0      0.00000000      0.00000000
J085541.97+045941.2      0.00000000      0.00000000
J094628.59+454509.4      0.00000000      0.03766170
J090545.26+362116.5      0.05233501      0.02912498
J093831.77+385543.0      0.00000000      0.00000000
J093806.06+401745.6      0.00000000      0.01914068
J113544.97+084349.2      0.00000000      0.00000000
J035041.94+010226.7      0.00000000      0.00000000
J125150.47+490616.5      0.00000000      0.00000000
J090107.72+081201.6      0.00000000      0.00000000
J103216.36+430024.1      0.22026654      0.15881537
J143555.63+364310.3      0.00000000      0.00000000
J160017.09+273556.6      0.00000000      0.01750642
J164649.92+225404.5      0.06156437      0.08237230
J103504.83+444444.7      0.00000000      0.00000000
J110009.62+455501.2      0.00000000      0.00000000
J123520.76+471835.9      0.00000000      0.00000000
J125025.36+480454.2      0.00000000      0.04266766
J130310.43+472337.9      0.00000000      0.00000000
J132432.84+424551.3      0.00000000      0.08600957
J134239.51+453503.6      0.00000000      0.00000000
J164613.06+221502.3      0.00000000      0.00000000
J160622.18+282101.7      0.00000000      0.00000000
J074758.96+183400.8      0.00000000      0.00000000
J074809.61+183133.5      0.00000000      0.00000000
J074809.31+184522.6      0.25496535      0.23624412
J074700.03+185607.3      0.05076934      0.05717653
J075649.51+195349.9      0.10577078      0.04807302
J090853.56+321510.8      0.00000000      0.00040750
J092036.32+333902.4      0.00000000      0.01115052
J093325.71+340253.1      0.03860220      0.01778372
J111910.22+120953.2      0.00000000      0.00000000
J115353.99+131641.2      0.00000000      0.00000000
J122858.14+123942.2      0.05471424      0.03868064
J114212.91+064637.8      0.00000000      0.00000000
J141015.22+483246.0      0.01164497      0.01601183
J150208.87+440939.5      0.00000000      0.00000000
J131420.52+123309.5      0.07641332      0.11795195
J152706.28+094746.3      0.00000000      0.00937733
J102203.31+134610.1      0.00000000      0.00000000
J103347.41+124358.1      0.00480929      0.08160765
J110818.34+131327.5      0.00875638      0.00654436
J110652.69+134416.1      0.00000000      0.06799156
J132942.00+131814.8      0.00000000      0.00000000
J080720.25+510753.9      0.00000000      0.00886251
J082338.96+555746.7      0.00000000      0.00000000
J082828.61+561046.7      0.00000000      0.02038089
J082906.82+561356.1      0.00000000      0.00000000
J130341.38+073056.5      0.00000000      0.00000000
J133710.57+062828.2      0.00000000      0.07739370
J145251.90+075402.9      0.00000000      0.00000000
J150733.80+070714.8      0.00000000      0.00000000
J152813.96+054109.4      0.00000000      0.00000000
J152927.90+071153.3      0.00000000      0.00000000
J141324.40+062304.6      0.00000000      0.05201320
J154055.75+055559.4      0.06966129      0.02698149
J153804.45+261653.5      0.00000000      0.00000000
J161120.99+222230.7      0.00000000      0.00566259
J080225.51+552705.0      0.00000000      0.00000000
J093318.22+673022.7      0.00000000      0.00000000
J101000.06+681717.6      0.00000000      0.00932294
J080452.87+204901.5      0.00000000      0.00000000
J082121.13+205202.9      0.00000000      0.06152416
J083620.98+234544.5      0.00000000      0.00000000
J083806.73+251621.3      0.03270784      0.02204010
J091110.60+274248.8      0.00000000      0.00000000
J094520.44+305438.4      0.00000000      0.00000000
J095225.58+345431.7      0.00000000      0.00000000
J102142.61+335347.6      0.11454363      0.06600014
J102611.12+320556.3      0.00000000      0.00000000
J125125.98+402357.2      0.00000000      0.00000000
J122853.58+400948.1      0.00000000      0.00000000
J133526.85+334330.1      0.00000000      0.00446780
J135620.95+382546.6      0.00000000      0.00000000
J135039.09+350217.9      0.00218819      0.05320036
J112416.74+380055.5      0.04770839      0.01961741
J110607.12+312028.6      0.00000000      0.00000000
J131541.61+334542.2      0.00000000      0.00000000
J131353.02+340729.2      0.00000000      0.07086082
J132015.57+331751.0      0.00000000      0.02051960
J133843.13+311613.9      0.00000000      0.00000000
J112207.39+342158.8      0.00000000      0.00164857
J112407.41+343948.9      0.00000000      0.00719382
J110120.37+315516.0      0.00000000      0.00000000
J133215.13+324253.3      0.00000000      0.00000000
J133042.51+323249.0      0.00000000      0.00000000
J142116.30+232848.0      0.00000000      0.00000000
J143843.73+223545.1      0.00000000      0.00000000
J144307.57+234259.4      0.00000000      0.00000000
J145447.16+251354.7      0.00000000      0.00000000
J151357.15+233644.0      0.00000000      0.00000000
J154325.23+174218.9      0.00000000      0.01204549
J160037.35+194323.5      0.04891583      0.05134001
J160213.92+160127.2      0.20777189      0.14239639
J160227.43+161636.3      0.00000000      0.00000000
J155934.92+175951.5      0.41795894      0.30672793
J160356.52+162525.2      0.00000000      0.00000000
J110306.44+261356.9      0.00000000      0.00000000
J110930.99+272056.9      0.00000000      0.00000000
J111203.34+273523.2      0.03250535      0.02669353
J112045.72+285025.7      0.00000000      0.00000000
J120828.71+265237.3      0.00000000      0.00000000
J121603.50+304714.9      0.10018952      0.16625652
J123540.50+263834.5      0.00000000      0.00000000
J125643.51+271043.6      0.00000000      0.00000000
J130006.25+274107.0      0.02369628      0.11346872
J130019.10+273313.3      0.00000000      0.00000000
J125910.30+273711.4      0.00000000      0.00000000
J125956.01+280204.9      0.00000000      0.00000000
J130244.39+280243.2      0.00000000      0.04416387
J133636.17+271431.8      0.00000000      0.00000000
J075811.20+120352.3      0.00000000      0.00000000
J075900.65+151613.6      0.08206124      0.03049107
J081057.31+152009.7      0.00000000      0.00000000
J083629.39+192547.7      0.00000000      0.00000000
J085820.63+173216.2      0.00000000      0.01394608
J092300.94+241738.9      0.00000000      0.00000000
J102527.98+272436.5      0.00000000      0.00000000
J090420.26+172535.2      0.00000000      0.00000000
J090922.54+153649.1      0.00000000      0.00000000
J091746.62+190114.1      0.00000000      0.00000000
J104448.94+214209.8      0.00000000      0.00000000
J114010.41+251834.5      0.00000000      0.00000000
J114546.10+194625.5      0.01519785      0.01748019
J114407.64+194415.1      0.00000000      0.04775360
J114405.91+204153.5      0.25763777      0.15503466
J115242.61+203752.6      0.02045813      0.00658757
J155847.68+141213.4      0.00000000      0.02369019
J160111.22+100937.5      0.00488162      0.09139485
J162600.84+092350.1      0.15471897      0.06458292
J094028.01+125537.8      0.00000000      0.00000000
J094128.75+154804.8      0.00287275      0.04979441
J102540.38+170750.5      0.00000000      0.00000000
J102248.41+145552.5      0.16404122      0.11188978
J102558.42+170402.6      0.00000000      0.00000000
J121621.17+174609.2      0.00000000      0.00000000
J134335.07+180323.7      0.00000000      0.02024054
J141224.42+182442.3      0.05118466      0.01340037
J141709.59+170700.9      0.00000000      0.00000000
J141455.37+165648.6      0.00000000      0.00000000
J144433.78+153540.9      0.00000000      0.00000000
J145211.02+200435.9      0.00669040      0.04315310
J013038.20-104548.5      0.00000000      0.00000000
J031202.39-000439.0      0.00000000      0.02151963
J113200.89+253837.9      0.02972565      0.09868224
J120251.90+261512.0      0.00000000      0.00000000
J121629.20+142952.9      0.00000000      0.00000000
J125829.89+280054.0      0.00000000      0.00000000
J130131.69+275046.9      0.00000000      0.01338615
J130559.29+291643.9      0.00000000      0.00000000
J133006.79+312314.9      0.00000000      0.00000000
J140500.29+130800.9      0.05222507      0.02454437
J141001.29+545251.9      0.00000000      0.00587221
J142441.19+554218.0      0.00000000      0.00000000
J151300.00+030918.9      0.00000000      0.00000000
J160349.50+263229.0      0.00000000      0.00000000
J162339.79+242825.9      0.00000000      0.09818964
