# ~/projects/ETGOutskirts/20141119(master ✗) etg_make_stamps sample.fits r --outdir data
J100306.20+002714.7     0.08   737.16  0.85324  368.827  260.543
J100630.69+010828.1     0.10   909.08  1.00000  455.232  455.029
J124322.51-000002.8     0.03   265.91  1.00000  133.585  133.821
J130541.39+011123.6     0.04   396.68  0.61041   43.575  198.553
J131023.76-010037.8     0.11  1000.00  0.89633  420.749  500.836
J145052.59+000540.2     0.06   584.01  1.00000  292.628  292.539
J113642.07-023337.4     0.07   658.89  1.00000  330.041  330.185
J114936.34-012719.7     0.07   625.91  0.86334  313.256  313.642
J122203.43-023700.2     0.09   803.98  0.87558  402.029  302.025
J123948.37-024745.9     0.08   717.61  1.00000  359.316  359.266
J154855.67+000540.0     0.03   260.18  1.00000  130.458  130.288
J171524.47+571921.3     0.10   928.61  1.00000  464.451  465.201
J172611.22+591831.4     0.03   275.48  1.00000  138.349  137.772
J233458.41-001206.0     0.05   463.17  0.79276  135.446  232.127
J235618.81-001820.2     0.11  1000.00  0.78433  500.511  501.052
J005647.42-005512.1     0.03   230.11  1.00000  115.821  115.354
J005830.99-002502.4     0.03   262.02  0.89122  102.481  131.373
J010722.57+005533.3     0.11  1000.00  0.58799  500.534   87.864
J011612.79-000628.3     0.06   555.58  0.65662  278.103   87.101
J012056.45-000620.1     0.04   406.78  0.88041  203.991  155.032
J015654.84-003824.9     0.08   758.58  0.70932  379.326  379.610
J025007.86-001601.0     0.11  1000.00  0.72242  500.507  222.474
J030632.74-003338.7     0.07   603.80  1.00000  302.610  302.871
J011307.41+152750.9     0.04   353.45  0.72984  177.587  176.939
J011546.78+150357.2     0.02   170.81  1.00000   85.533   85.806
J013104.76+133858.8     0.05   491.71  1.00000  246.226  246.291
J015046.48+134127.6     0.05   477.93  0.91915  200.285  238.977
J015712.97+144407.6     0.07   635.09  1.00000  318.285  318.015
J075943.49+404828.1     0.05   448.95  1.00000  224.737  224.782
J080132.31+420008.3     0.09   797.84  1.00000  399.472  399.736
J081834.94+503843.9     0.08   722.73  1.00000  361.628  361.726
J083633.08+540229.5     0.11  1000.00  0.67426  500.641  500.043
J083940.37+554345.5     0.07   662.39  0.39279  332.139  180.657
J085355.09+522401.8     0.10   873.35  0.67261  437.522  436.409
J085434.90+571000.4     0.10   937.11  1.00000  468.899  468.434
J085938.48+565244.2     0.05   485.22  0.94379  215.892  242.792
J085744.28+541338.0     0.02   171.85  1.00000   86.932   87.022
J090017.47+542024.0     0.05   499.20  1.00000  250.014  250.234
J092005.67+553314.4     0.05   478.49  0.74111  239.735  240.060
J093418.75+591107.1     0.06   555.59  0.53958  142.799  119.391
J023634.95-092114.6     0.11   960.71  0.48630  480.414  480.668
J032248.40-064140.6     0.11  1000.00  1.00000  500.090  500.978
J033417.74-061553.9     0.11  1000.00  0.65927  500.444  500.819
J092747.73+590808.8     0.08   711.92  0.91520  296.122  356.399
J095425.12+641105.6     0.04   400.17  1.00000  200.403  200.210
J104848.90+663636.7     0.09   858.94  1.00000  430.049  429.756
J110749.38+662707.5     0.04   358.41  0.70603  179.432  180.076
J142432.42+642527.3     0.04   345.27  0.51791  173.168  172.810
J110026.16+013920.3     0.02   218.00  1.00000  109.770  109.581
J112119.52+022942.3     0.04   320.83  1.00000  160.696  161.233
J125055.79+031149.3     0.09   775.51  0.76264  388.075  388.257
J131216.04+033707.1     0.04   326.81  0.95399  148.191  163.729
J142308.94+014017.7     0.09   781.13  0.67762  391.139  391.333
J144650.85+015106.8     0.11  1000.00  1.00000  500.882  500.223
J144447.32+013723.7     0.01   117.92  1.00000   59.794   58.975
J145806.24+013020.5     0.04   402.39  0.56387   31.625  201.313
J145819.05+022839.8     0.03   274.43  1.00000  137.435  137.682
J081353.19+424220.1     0.03   303.08  0.88920  151.709  117.773
J083121.03+461314.5     0.09   816.38  0.93995  358.976  407.808
J084612.97+482054.3     0.11   959.11  1.00000  479.888  480.404
J092140.97+524504.0     0.06   501.80  0.81442  251.795  251.125
J093755.96+545441.9     0.03   260.86  1.00000  130.418  130.857
J084034.41+023640.7     0.08   709.27  0.67130  355.451  121.630
J095340.08+032900.9     0.06   538.32  1.00000  269.143  269.202
J110044.46+040703.6     0.05   421.92  1.00000  211.586  211.357
J110406.85+050138.9     0.06   553.92  1.00000  277.448  276.966
J143656.64+602833.1     0.03   317.81  0.92516  159.874  135.196
J160745.84+483625.0     0.05   436.20  1.00000  219.052  218.594
J162919.64+435148.1     0.08   713.87  0.84662  247.483  357.786
J012305.91-102635.4     0.04   357.40  0.91281  179.272  179.459
J020830.34-074539.0     0.05   473.67  0.68231  237.431  237.690
J221431.94+134621.8     0.09   857.96  1.00000  429.877  429.783
J225936.26+132211.4     0.08   699.23  1.00000  350.324  350.241
J232222.95+135938.3     0.05   453.75  1.00000  227.577  226.942
J232412.20+143708.0     0.11  1000.00  0.38842   20.204  246.529
J233019.67+132657.3     0.11  1000.00  0.55438   54.164  500.539
J232428.32+144142.2     0.03   282.80  1.00000  141.603  142.372
J232425.71+144048.9     0.02   170.28  1.00000   85.219   85.404
J235308.28+160351.9     0.07   660.13  0.65878  330.424  104.870
J080723.70+390156.4     0.05   432.86  0.77627  119.409  216.994
J140002.59+591555.0     0.11  1000.00  0.92594  426.185  500.747
J155703.02+481006.1     0.11  1000.00  0.69461  500.923  194.458
J162841.65+410813.1     0.07   603.30  0.63047  302.177   78.588
J162858.40+424941.2     0.03   256.61  0.95470  128.516  129.296
J163023.92+403956.4     0.07   645.01  0.98858  322.807  322.955
J083900.68+402046.0     0.11  1000.00  0.55258  500.808  273.789
J111443.34+040128.3     0.11   979.56  1.00000  490.283  490.730
J130208.75+052438.7     0.04   358.77  1.00000  180.029  179.651
J134139.31+050158.3     0.11  1000.00  0.93498  500.480  500.115
J075715.45+272945.6     0.09   837.67  1.00000  419.358  419.656
J100447.67+464309.6     0.11  1000.00  0.85513  500.429  500.856
J110256.27+503933.5     0.11  1000.00  0.49490  500.123  500.435
J083052.89+395047.6     0.06   535.26  1.00000  267.785  267.987
J090051.47+462515.0     0.06   524.57  0.93168  262.322  262.577
J105132.27+564604.7     0.02   197.61  1.00000   99.431   99.722
J145954.35-012643.7     0.05   458.09  0.71035  229.120  229.774
J080251.11+263403.0     0.01   105.10  1.00000   53.349   53.376
J081117.51+293032.1     0.10   886.53  0.64825  444.006  131.442
J100315.95+544623.4     0.04   377.28  1.00000  188.902  188.877
J101603.37+564733.3     0.05   467.62  1.00000  233.777  234.532
J102321.45+571822.7     0.05   492.20  1.00000  246.142  246.378
J122421.31+600641.5     0.10   915.25  0.76356  457.843  457.773
J113526.22+490513.7     0.05   444.49  1.00000  223.111  223.068
J121840.18+485245.7     0.11  1000.00  0.70598  500.939  500.190
J101600.20+061505.2     0.10   885.40  0.79944  275.787  443.607
J110222.74+080309.5     0.05   448.34  1.00000  224.586  225.163
J111106.73+073459.8     0.06   506.27  0.72418  253.617  253.628
J145827.79+482932.5     0.11  1000.00  0.43252  254.365  500.768
J162109.60+344532.6     0.11   956.25  1.00000  478.150  478.760
J162338.62+350040.5     0.06   518.14  0.81580  259.935  259.388
J134909.38+565456.9     0.03   252.16  0.90684  126.460  126.531
J162756.00+391653.0     0.08   739.45  1.00000  370.600  370.132
J162945.12+394838.0     0.06   501.22  1.00000  251.315  251.047
J085541.97+045941.2     0.10   933.17  0.65029  467.558  140.319
J094628.59+454509.4     0.11  1000.00  0.70416  500.540  204.217
J090545.26+362116.5     0.11  1000.00  0.58512  152.546  500.437
J093831.77+385543.0     0.02   183.91  1.00000   92.090   92.901
J093806.06+401745.6     0.05   424.63  1.00000  212.589  212.743
J113544.97+084349.2     0.02   226.01  1.00000  113.372  113.389
J035041.94+010226.7     0.06   590.13  0.89437  295.611  247.669
J125150.47+490616.5     0.06   536.47  0.45342  152.857   41.937
J090107.72+081201.6     0.02   213.16  1.00000  106.625  107.362
J103216.36+430024.1     0.06   549.01  1.00000  275.306  275.062
J143555.63+364310.3     0.08   687.21  1.00000  343.748  344.364
J160017.09+273556.6     0.04   343.07  1.00000  172.470  172.027
J164649.92+225404.5     0.06   589.26  0.73356  294.654  295.362
J103504.83+444444.7     0.09   803.60  0.85246  402.661  283.142
J110009.62+455501.2     0.11  1000.00  0.65325  500.185  305.366
J123520.76+471835.9     0.01   103.62  1.00000   52.806   52.172
J125025.36+480454.2     0.10   953.35  0.43594  477.227  476.955
J130310.43+472337.9     0.11  1000.00  0.73727  500.284  500.720
J132432.84+424551.3     0.09   809.12  0.59370  405.523  226.358
J134239.51+453503.6     0.10   896.59  0.73326  448.873  448.607
J164613.06+221502.3     0.01   131.52  1.00000   66.633   65.980
J160622.18+282101.7     0.04   380.29  1.00000  190.657  190.249
J074758.96+183400.8     0.07   595.12  1.00000  297.610  297.741
J074809.61+183133.5     0.10   898.00  0.98801  448.963  449.772
J074809.31+184522.6     0.05   453.52  0.82472  226.938  147.206
J074700.03+185607.3     0.05   459.02  0.67115  229.606   78.661
J075649.51+195349.9     0.07   641.08  1.00000  321.085  321.281
J090853.56+321510.8     0.11  1000.00  0.76662  500.935  500.531
J092036.32+333902.4     0.11  1000.00  0.92672  500.069  500.364
J093325.71+340253.1     0.11  1000.00  0.93774  500.382  500.380
J111910.22+120953.2     0.06   588.50  0.96065  294.636  294.943
J115353.99+131641.2     0.07   680.06  0.83298  226.607  341.003
J122858.14+123942.2     0.04   382.10  1.00000  191.122  191.389
J114212.91+064637.8     0.03   243.94  1.00000  122.807  122.715
J141015.22+483246.0     0.11  1000.00  1.00000  499.966  500.700
J150208.87+440939.5     0.04   363.07  1.00000  181.672  181.637
J131420.52+123309.5     0.06   553.75  0.91539  277.588  277.154
J152706.28+094746.3     0.05   442.70  1.00000  221.897  222.247
J102203.31+134610.1     0.07   604.56  0.73556  142.439  303.044
J103347.41+124358.1     0.08   744.11  1.00000  372.646  372.760
J110818.34+131327.5     0.11   976.12  0.80065  488.658  488.437
J110652.69+134416.1     0.04   407.69  1.00000  204.280  204.359
J132942.00+131814.8     0.11  1000.00  0.69824  197.754  500.742
J080720.25+510753.9     0.11  1000.00  0.62651  126.543  499.883
J082338.96+555746.7     0.07   622.31  0.94144  311.971  311.484
J082828.61+561046.7     0.05   415.09  1.00000  208.099  208.264
J082906.82+561356.1     0.04   341.53  1.00000  170.838  171.648
J130341.38+073056.5     0.11  1000.00  0.83244  500.907  332.454
J133710.57+062828.2     0.04   346.39  1.00000  173.286  173.755
J145251.90+075402.9     0.05   454.08  0.94836  203.831  227.521
J150733.80+070714.8     0.04   343.62  1.00000  172.685  172.531
J152813.96+054109.4     0.04   406.44  1.00000  203.611  203.884
J152927.90+071153.3     0.03   239.48  1.00000  120.406  120.213
J141324.40+062304.6     0.08   738.45  0.76787  370.222  369.887
J154055.75+055559.4     0.09   811.39  1.00000  406.532  406.448
J153804.45+261653.5     0.07   651.68  0.77315  326.336  178.059
J161120.99+222230.7     0.08   694.81  1.00000  347.570  347.469
J080225.51+552705.0     0.04   401.09  0.67280  200.802   70.289
J093318.22+673022.7     0.05   426.11  0.72604  213.570   96.467
J101000.06+681717.6     0.07   626.62  0.60254  103.042  313.471
J080452.87+204901.5     0.02   204.41  1.00000  103.047  102.845
J082121.13+205202.9     0.09   819.07  0.91978  410.005  343.863
J083620.98+234544.5     0.08   690.65  0.41131  103.559   91.539
J083806.73+251621.3     0.11  1000.00  0.76789  500.609  267.976
J091110.60+274248.8     0.05   427.08  1.00000  213.578  213.767
J094520.44+305438.4     0.04   403.20  0.93582  201.814  175.732
J095225.58+345431.7     0.03   264.36  1.00000  132.807  132.430
J102142.61+335347.6     0.07   601.85  0.65681  301.548   94.331
J102611.12+320556.3     0.11  1000.00  0.95672  456.722  500.716
J125125.98+402357.2     0.03   310.37  1.00000  156.032  156.082
J122853.58+400948.1     0.05   418.34  1.00000  209.941  209.809
J133526.85+334330.1     0.10   944.73  0.67524  473.183  473.179
J135620.95+382546.6     0.04   325.14  1.00000  163.526  162.791
J135039.09+350217.9     0.11  1000.00  0.88312  500.400  500.067
J112416.74+380055.5     0.11  1000.00  0.79353  500.641  293.438
J110607.12+312028.6     0.04   319.39  1.00000  160.388  160.624
J131541.61+334542.2     0.09   798.99  0.53057  400.235  150.289
J131353.02+340729.2     0.08   726.69  1.00000  363.535  363.598
J132015.57+331751.0     0.05   480.62  1.00000  241.209  241.078
J133843.13+311613.9     0.10   933.19  0.96686  466.828  435.723
J112207.39+342158.8     0.07   657.92  0.83520  220.272  329.024
J112407.41+343948.9     0.06   526.64  0.79135  263.337  153.450
J110120.37+315516.0     0.04   342.69  1.00000  171.412  171.892
J133215.13+324253.3     0.05   449.94  0.65752  225.944   70.929
J133042.51+323249.0     0.11   960.27  1.00000  480.981  480.382
J142116.30+232848.0     0.10   916.36  0.84534  458.465  458.528
J143843.73+223545.1     0.04   340.03  1.00000  170.264  170.677
J144307.57+234259.4     0.05   428.31  1.00000  214.184  214.822
J145447.16+251354.7     0.04   320.61  1.00000  161.148  160.679
J151357.15+233644.0     0.04   403.36  1.00000  201.802  201.830
J154325.23+174218.9     0.05   475.16  1.00000  238.487  238.420
J160037.35+194323.5     0.11  1000.00  0.84247  500.269  403.310
J160213.92+160127.2     0.03   293.94  1.00000  147.876  146.999
J160227.43+161636.3     0.01    53.63  1.00000   27.499   27.025
J155934.92+175951.5     0.05   479.29  1.00000  239.779  240.652
J160356.52+162525.2     0.03   271.92  1.00000  136.572  136.288
J110306.44+261356.9     0.07   661.13  1.00000  330.849  331.035
J110930.99+272056.9     0.07   675.15  0.63991  337.991  337.630
J111203.34+273523.2     0.11  1000.00  1.00000  500.687  500.788
J112045.72+285025.7     0.05   475.81  1.00000  238.037  237.918
J120828.71+265237.3     0.05   498.22  1.00000  249.881  249.944
J121603.50+304714.9     0.04   374.05  1.00000  187.149  187.337
J123540.50+263834.5     0.08   741.16  1.00000  370.551  370.757
J125643.51+271043.6     0.11  1000.00  0.74689  500.279  500.801
J130006.25+274107.0     0.05   427.86  1.00000  214.369  214.221
J130019.10+273313.3     0.05   484.06  0.71499  242.937  242.507
J125910.30+273711.4     0.04   389.65  0.85004  195.287  136.370
J125956.01+280204.9     0.08   694.72  0.67820  347.473  348.285
J130244.39+280243.2     0.11  1000.00  0.66196  500.052  161.990
J133636.17+271431.8     0.09   830.30  0.63457  415.463  415.713
J075811.20+120352.3     0.04   333.18  1.00000  167.502  167.202
J075900.65+151613.6     0.04   346.97  1.00000  173.810  174.264
J081057.31+152009.7     0.07   632.02  0.76470  316.577  167.505
J083629.39+192547.7     0.09   800.72  0.57395  400.819  400.927
J085820.63+173216.2     0.11   991.54  0.75280  496.317  250.776
J092300.94+241738.9     0.06   587.87  0.76992  294.124  294.468
J102527.98+272436.5     0.08   744.66  1.00000  372.821  372.972
J090420.26+172535.2     0.02   186.42  1.00000   93.465   93.970
J090922.54+153649.1     0.05   413.61  0.95391  207.439  207.366
J091746.62+190114.1     0.05   451.33  1.00000  226.307  225.872
J104448.94+214209.8     0.02   219.18  0.90761  109.690  109.609
J114010.41+251834.5     0.11  1000.00  0.66660  166.649  500.383
J114546.10+194625.5     0.11  1000.00  0.49061  500.587  500.534
J114407.64+194415.1     0.09   823.37  0.98799  412.204  412.381
J114405.91+204153.5     0.04   348.22  1.00000  174.411  174.748
J115242.61+203752.6     0.11  1000.00  0.65651  500.759  156.454
J155847.68+141213.4     0.11  1000.00  0.80629  500.670  500.885
J160111.22+100937.5     0.05   446.40  0.95660  223.240  223.942
J162600.84+092350.1     0.07   664.75  0.96007  332.508  333.232
J094028.01+125537.8     0.05   459.16  1.00000  229.641  229.748
J094128.75+154804.8     0.08   694.70  1.00000  347.777  347.898
J102540.38+170750.5     0.01   117.47  1.00000   59.287   58.884
J102248.41+145552.5     0.11  1000.00  0.48768  500.684  500.367
J102558.42+170402.6     0.04   320.47  1.00000  160.220  160.916
J121621.17+174609.2     0.04   339.46  1.00000  169.919  169.995
J134335.07+180323.7     0.09   811.69  1.00000  406.619  406.113
J141224.42+182442.3     0.11  1000.00  0.79412  499.877  500.588
J141709.59+170700.9     0.02   184.20  1.00000   92.656   92.120
J141455.37+165648.6     0.03   253.49  0.85650  127.534   90.457
J144433.78+153540.9     0.02   171.63  1.00000   86.306   86.017
J145211.02+200435.9     0.08   745.63  1.00000  373.434  373.375
J013038.20-104548.5     0.06   502.48  1.00000  251.948  251.676
J031202.39-000439.0     0.07   654.28  1.00000  327.695  327.828
J113200.89+253837.9     0.10   943.33  1.00000  472.208  472.468
J120251.90+261512.0     0.10   872.61  1.00000  436.526  437.210
J121629.20+142952.9     0.07   658.62  1.00000  329.610  329.768
J125829.89+280054.0     0.10   864.11  0.53240  432.657  432.536
J130131.69+275046.9     0.11  1000.00  0.87124  500.569  373.956
J130559.29+291643.9     0.06   564.96  0.77585  282.653  282.608
J133006.79+312314.9     0.08   709.70  1.00000  355.685  355.416
J140500.29+130800.9     0.11  1000.00  0.64236  447.067  164.775
J141001.29+545251.9     0.11  1000.00  0.98842  500.032  490.583
J142441.19+554218.0     0.11   989.51  0.96652  495.045  495.661
J151300.00+030918.9     0.11  1000.00  0.93099  500.657  421.752
J160349.50+263229.0     0.07   624.38  1.00000  313.165  312.712
J162339.79+242825.9     0.06   537.61  0.89066  269.402  269.860
